2024-11-05T18:39:56.709+0530 INFO CREATING USER
2024-11-05T18:40:01.744+0530 INFO USER CREATED
2024-11-05T18:40:01.766+0530 INFO READING USER
2024-11-05T18:40:02.998+0530 INFO USER DISPLAYED
2024-11-05T18:40:03.009+0530 INFO UPDATING USER
2024-11-05T18:40:05.574+0530 INFO USER UPDATED
2024-11-05T18:40:05.579+0530 INFO DELETING USER
2024-11-05T18:42:58.487+0530 INFO CREATING USER
2024-11-05T18:43:03.832+0530 INFO USER CREATED
2024-11-05T18:43:03.856+0530 INFO READING USER
2024-11-05T18:43:05.157+0530 INFO USER DISPLAYED
2024-11-05T18:43:05.165+0530 INFO UPDATING USER
2024-11-05T18:43:07.715+0530 INFO USER UPDATED
2024-11-05T18:43:07.719+0530 INFO DELETING USER
2024-11-05T18:46:20.970+0530 INFO CREATING USER
2024-11-05T18:46:25.641+0530 INFO USER CREATED
2024-11-05T18:46:25.653+0530 INFO READING USER
2024-11-05T18:46:26.997+0530 INFO USER DISPLAYED
2024-11-05T18:46:27.015+0530 INFO UPDATING USER
2024-11-05T18:46:29.592+0530 INFO USER UPDATED
2024-11-05T18:46:29.596+0530 INFO DELETING USER
2024-11-05T18:53:13.026+0530 INFO CREATING USER
2024-11-05T18:53:17.936+0530 INFO USER CREATED
2024-11-05T18:53:17.947+0530 INFO READING USER
2024-11-05T18:53:20.148+0530 INFO USER DISPLAYED
2024-11-05T18:53:20.155+0530 INFO UPDATING USER
2024-11-05T18:53:22.696+0530 INFO USER UPDATED
2024-11-05T18:53:22.716+0530 INFO DELETING USER
2024-11-05T18:53:25.261+0530 ERROR Assertion failed: 
java.lang.AssertionError: expected [404] but found [200]
	at org.testng.Assert.fail(Assert.java:111) ~[testng-7.10.2.jar:7.10.2]
	at org.testng.Assert.failNotEquals(Assert.java:1578) ~[testng-7.10.2.jar:7.10.2]
	at org.testng.Assert.assertEqualsImpl(Assert.java:150) ~[testng-7.10.2.jar:7.10.2]
	at org.testng.Assert.assertEquals(Assert.java:132) ~[testng-7.10.2.jar:7.10.2]
	at org.testng.Assert.assertEquals(Assert.java:1419) ~[testng-7.10.2.jar:7.10.2]
	at org.testng.Assert.assertEquals(Assert.java:1383) ~[testng-7.10.2.jar:7.10.2]
	at org.testng.Assert.assertEquals(Assert.java:1429) ~[testng-7.10.2.jar:7.10.2]
	at api.tests.UserTests.testDeleteUserByName(UserTests.java:101) ~[test-classes/:?]
	at jdk.internal.reflect.NativeMethodAccessorImpl.invoke0(Native Method) ~[?:?]
	at jdk.internal.reflect.NativeMethodAccessorImpl.invoke(NativeMethodAccessorImpl.java:77) ~[?:?]
	at jdk.internal.reflect.DelegatingMethodAccessorImpl.invoke(DelegatingMethodAccessorImpl.java:43) ~[?:?]
	at java.lang.reflect.Method.invoke(Method.java:568) ~[?:?]
	at org.testng.internal.invokers.MethodInvocationHelper.invokeMethod(MethodInvocationHelper.java:141) ~[testng-7.10.2.jar:7.10.2]
	at org.testng.internal.invokers.TestInvoker.invokeMethod(TestInvoker.java:686) ~[testng-7.10.2.jar:7.10.2]
	at org.testng.internal.invokers.TestInvoker.invokeTestMethod(TestInvoker.java:230) ~[testng-7.10.2.jar:7.10.2]
	at org.testng.internal.invokers.MethodRunner.runInSequence(MethodRunner.java:63) ~[testng-7.10.2.jar:7.10.2]
	at org.testng.internal.invokers.TestInvoker$MethodInvocationAgent.invoke(TestInvoker.java:992) ~[testng-7.10.2.jar:7.10.2]
	at org.testng.internal.invokers.TestInvoker.invokeTestMethods(TestInvoker.java:203) ~[testng-7.10.2.jar:7.10.2]
	at org.testng.internal.invokers.TestMethodWorker.invokeTestMethods(TestMethodWorker.java:154) ~[testng-7.10.2.jar:7.10.2]
	at org.testng.internal.invokers.TestMethodWorker.run(TestMethodWorker.java:134) ~[testng-7.10.2.jar:7.10.2]
	at java.util.ArrayList.forEach(ArrayList.java:1511) [?:?]
	at org.testng.TestRunner.privateRun(TestRunner.java:739) [testng-7.10.2.jar:7.10.2]
	at org.testng.TestRunner.run(TestRunner.java:614) [testng-7.10.2.jar:7.10.2]
	at org.testng.SuiteRunner.runTest(SuiteRunner.java:421) [testng-7.10.2.jar:7.10.2]
	at org.testng.SuiteRunner.runSequentially(SuiteRunner.java:413) [testng-7.10.2.jar:7.10.2]
	at org.testng.SuiteRunner.privateRun(SuiteRunner.java:373) [testng-7.10.2.jar:7.10.2]
	at org.testng.SuiteRunner.run(SuiteRunner.java:312) [testng-7.10.2.jar:7.10.2]
	at org.testng.SuiteRunnerWorker.runSuite(SuiteRunnerWorker.java:52) [testng-7.10.2.jar:7.10.2]
	at org.testng.SuiteRunnerWorker.run(SuiteRunnerWorker.java:95) [testng-7.10.2.jar:7.10.2]
	at org.testng.TestNG.runSuitesSequentially(TestNG.java:1274) [testng-7.10.2.jar:7.10.2]
	at org.testng.TestNG.runSuitesLocally(TestNG.java:1208) [testng-7.10.2.jar:7.10.2]
	at org.testng.TestNG.runSuites(TestNG.java:1112) [testng-7.10.2.jar:7.10.2]
	at org.testng.TestNG.run(TestNG.java:1079) [testng-7.10.2.jar:7.10.2]
	at org.testng.remote.AbstractRemoteTestNG.run(AbstractRemoteTestNG.java:115) [testng-remote.jar:?]
	at org.testng.remote.RemoteTestNG.initAndRun(RemoteTestNG.java:293) [testng-remote.jar:?]
	at org.testng.remote.RemoteTestNG.main(RemoteTestNG.java:91) [testng-remote.jar:?]
2024-11-05T18:54:41.585+0530 INFO CREATING USER
2024-11-05T18:54:46.480+0530 INFO USER CREATED
2024-11-05T18:54:46.514+0530 INFO READING USER
2024-11-05T18:54:47.822+0530 INFO USER DISPLAYED
2024-11-05T18:54:47.828+0530 INFO UPDATING USER
2024-11-05T18:54:50.300+0530 INFO USER UPDATED
2024-11-05T18:54:50.326+0530 INFO DELETING USER
2024-11-05T18:54:52.972+0530 ERROR Assertion failed: 
2024-11-05T18:55:27.799+0530 INFO CREATING USER
2024-11-05T18:55:33.577+0530 INFO USER CREATED
2024-11-05T18:55:33.608+0530 INFO READING USER
2024-11-05T18:55:34.912+0530 INFO USER DISPLAYED
2024-11-05T18:55:34.918+0530 INFO UPDATING USER
2024-11-05T18:55:37.483+0530 INFO USER UPDATED
2024-11-05T18:55:37.496+0530 INFO DELETING USER
2024-11-05T18:55:40.111+0530 ERROR Assertion failed: expected [404] but found [200]
2024-11-07T14:31:10.011+0530 INFO CREATING USER
2024-11-07T14:31:17.088+0530 INFO USER CREATED
2024-11-07T14:31:17.114+0530 INFO READING USER
2024-11-07T14:31:18.468+0530 INFO USER DISPLAYED
2024-11-07T14:31:18.485+0530 INFO UPDATING USER
2024-11-07T14:31:24.575+0530 INFO USER UPDATED
2024-11-07T14:31:24.581+0530 INFO DELETING USER
2024-11-07T14:31:30.809+0530 ERROR Assertion failed: expected [404] but found [200]
2024-11-07T14:49:06.535+0530 INFO CREATING USER
2024-11-07T14:49:08.946+0530 INFO USER CREATED
2024-11-07T14:49:08.949+0530 INFO READING USER
2024-11-07T14:49:32.267+0530 INFO USER DISPLAYED
2024-11-07T14:49:32.270+0530 INFO UPDATING USER
2024-11-07T14:49:34.774+0530 INFO USER UPDATED
2024-11-07T14:49:34.778+0530 INFO DELETING USER
2024-11-07T14:49:38.469+0530 ERROR Assertion failed: expected [404] but found [200]
2024-11-07T14:51:21.416+0530 INFO CREATING USER
2024-11-07T14:51:27.636+0530 INFO USER CREATED
2024-11-07T14:51:27.665+0530 INFO READING USER
2024-11-07T14:51:28.999+0530 INFO USER DISPLAYED
2024-11-07T14:51:29.002+0530 INFO UPDATING USER
2024-11-07T14:51:31.531+0530 INFO USER UPDATED
2024-11-07T14:51:31.537+0530 INFO DELETING USER
2024-11-07T14:51:34.050+0530 ERROR Assertion failed: expected [404] but found [200]
2024-11-07T15:13:07.879+0530 INFO CREATING USER
2024-11-07T15:13:15.517+0530 INFO USER CREATED
2024-11-07T15:13:15.567+0530 INFO READING USER
2024-11-07T15:13:16.965+0530 INFO USER DISPLAYED
2024-11-07T15:13:16.971+0530 INFO UPDATING USER
2024-11-07T15:13:19.646+0530 INFO USER UPDATED
2024-11-07T15:13:19.659+0530 INFO DELETING USER
2024-11-07T15:13:22.279+0530 ERROR Assertion failed: expected [404] but found [200]
2024-11-07T15:15:03.645+0530 INFO CREATING USER
2024-11-07T15:15:09.167+0530 INFO USER CREATED
2024-11-07T15:15:09.190+0530 INFO READING USER
2024-11-07T15:15:10.500+0530 INFO USER DISPLAYED
2024-11-07T15:15:10.506+0530 INFO UPDATING USER
2024-11-07T15:15:13.076+0530 INFO USER UPDATED
2024-11-07T15:15:13.079+0530 INFO DELETING USER
2024-11-07T15:15:15.562+0530 ERROR Assertion failed: expected [404] but found [200]
2024-11-07T15:15:55.546+0530 INFO CREATING USER
2024-11-07T15:16:03.751+0530 INFO USER CREATED
2024-11-07T15:16:03.784+0530 INFO READING USER
2024-11-07T15:16:05.148+0530 INFO USER DISPLAYED
2024-11-07T15:16:05.156+0530 INFO UPDATING USER
2024-11-07T15:16:07.701+0530 INFO USER UPDATED
2024-11-07T15:16:07.708+0530 INFO DELETING USER
2024-11-07T15:16:11.312+0530 ERROR Assertion failed: expected [404] but found [200]
2024-11-07T15:16:11.385+0530 INFO CREATING USER
2024-11-07T15:16:12.634+0530 INFO USER CREATED
2024-11-07T15:16:12.638+0530 INFO READING USER
2024-11-07T15:16:13.917+0530 INFO USER DISPLAYED
2024-11-07T15:16:13.921+0530 INFO UPDATING USER
2024-11-07T15:16:16.466+0530 INFO USER UPDATED
2024-11-07T15:16:16.471+0530 INFO DELETING USER
2024-11-07T15:16:18.983+0530 ERROR Assertion failed: expected [404] but found [200]
2024-11-07T15:17:11.134+0530 INFO CREATING USER
2024-11-07T15:17:16.515+0530 INFO USER CREATED
2024-11-07T15:17:16.547+0530 INFO READING USER
2024-11-07T15:17:17.847+0530 INFO USER DISPLAYED
2024-11-07T15:17:17.851+0530 INFO UPDATING USER
2024-11-07T15:17:20.345+0530 INFO USER UPDATED
2024-11-07T15:17:20.348+0530 INFO DELETING USER
2024-11-07T15:17:22.963+0530 ERROR Assertion failed: expected [404] but found [200]
2024-11-07T15:17:49.593+0530 INFO CREATING USER
2024-11-07T15:17:50.932+0530 INFO USER CREATED
2024-11-07T15:17:50.935+0530 INFO READING USER
2024-11-07T15:17:52.105+0530 INFO USER DISPLAYED
2024-11-07T15:17:52.106+0530 INFO UPDATING USER
2024-11-07T15:17:54.549+0530 INFO USER UPDATED
2024-11-07T15:17:54.553+0530 INFO DELETING USER
2024-11-07T15:17:57.011+0530 ERROR Assertion failed: expected [404] but found [200]
2024-11-07T15:24:05.750+0530 INFO CREATING USER
2024-11-07T15:24:12.097+0530 INFO USER CREATED
2024-11-07T15:24:12.119+0530 INFO READING USER
2024-11-07T15:24:13.469+0530 INFO USER DISPLAYED
2024-11-07T15:24:13.476+0530 INFO UPDATING USER
2024-11-07T15:24:16.046+0530 INFO USER UPDATED
2024-11-07T15:24:16.052+0530 INFO DELETING USER
2024-11-07T15:24:39.710+0530 ERROR Assertion failed: expected [404] but found [200]
2024-11-27T11:28:45.124+0530 INFO CREATING USER
2024-11-27T11:28:49.801+0530 INFO USER CREATED
2024-11-27T11:28:49.827+0530 INFO READING USER
2024-11-27T11:28:51.233+0530 INFO USER DISPLAYED
2024-11-27T11:28:51.237+0530 INFO UPDATING USER
2024-11-27T11:28:53.702+0530 INFO USER UPDATED
2024-11-27T11:28:53.706+0530 INFO DELETING USER
2024-11-27T11:28:57.199+0530 ERROR Assertion failed: expected [404] but found [200]
2024-11-27T11:35:53.378+0530 INFO CREATING USER
2024-11-27T11:36:05.741+0530 INFO USER CREATED
2024-11-27T11:36:05.785+0530 INFO READING USER
2024-11-27T11:36:07.117+0530 INFO USER DISPLAYED
2024-11-27T11:36:07.120+0530 INFO UPDATING USER
2024-11-27T11:36:09.706+0530 INFO USER UPDATED
2024-11-27T11:36:09.709+0530 INFO DELETING USER
2024-11-27T11:36:13.370+0530 ERROR Assertion failed: expected [404] but found [200]
